<?xml version="1.0" encoding="UTF-8"?>
<!-- Generated by org.testng.reporters.JUnitReportReporter -->
<testsuite hostname="LAPTOP-FTOETBD1" failures="0" tests="3" name="practise.DataProviderWithoutDDT" time="0.019" errors="0" timestamp="2022-06-11T11:00:09 IST" skipped="0">
  <testcase classname="practise.DataProviderWithoutDDT" name="bookTickets" time="0.010"/>
  <system-out/>
  <testcase classname="practise.DataProviderWithoutDDT" name="bookTickets" time="0.006"/>
  <system-out/>
  <testcase classname="practise.DataProviderWithoutDDT" name="bookTickets" time="0.003"/>
  <system-out/>
</testsuite> <!-- practise.DataProviderWithoutDDT -->
