<?xml version="1.0" encoding="UTF-8"?>
<!-- Generated by org.testng.reporters.JUnitReportReporter -->
<testsuite hostname="LAPTOP-FTOETBD1" failures="0" tests="1" name="com.crm.comcast.contactTest.CreateContactWithoutMandatory" time="25.651" errors="0" timestamp="2022-06-10T00:21:37 IST" skipped="0">
  <testcase classname="com.crm.comcast.contactTest.CreateContactWithoutMandatory" name="createContactwithoutMandate" time="25.651"/>
  <system-out/>
</testsuite> <!-- com.crm.comcast.contactTest.CreateContactWithoutMandatory -->
