<?xml version="1.0" encoding="UTF-8"?>
<!-- Generated by org.testng.reporters.JUnitReportReporter -->
<testsuite hostname="LAPTOP-FTOETBD1" failures="0" tests="1" name="com.crm.comcast.campaignTest.CreateCampaignWTest" time="26.279" errors="0" timestamp="2022-06-13T15:48:56 IST" skipped="0">
  <testcase classname="com.crm.comcast.campaignTest.CreateCampaignWTest" name="createCamp" time="26.279"/>
  <system-out/>
</testsuite> <!-- com.crm.comcast.campaignTest.CreateCampaignWTest -->
