<?xml version="1.0" encoding="UTF-8"?>
<!-- Generated by org.testng.reporters.JUnitReportReporter -->
<testsuite hostname="LAPTOP-FTOETBD1" failures="0" tests="1" name="com.crm.comcast.organization.organiszationTest.CreateOrganizationTests" time="60.699" errors="0" timestamp="2022-06-11T12:33:29 IST" skipped="0">
  <testcase classname="com.crm.comcast.organization.organiszationTest.CreateOrganizationTests" name="createOrganization" time="60.699"/>
  <system-out/>
</testsuite> <!-- com.crm.comcast.organization.organiszationTest.CreateOrganizationTests -->
