<?xml version="1.0" encoding="UTF-8"?>
<!-- Generated by org.testng.reporters.JUnitReportReporter -->
<testsuite hostname="LAPTOP-FTOETBD1" failures="0" tests="1" name="com.crm.comcast.contactTest.DeleteContactTest" time="51.352" errors="0" timestamp="2022-06-10T00:58:17 IST" skipped="0">
  <testcase classname="com.crm.comcast.contactTest.DeleteContactTest" name="deleteContact" time="51.352"/>
  <system-out/>
</testsuite> <!-- com.crm.comcast.contactTest.DeleteContactTest -->
