<?xml version="1.0" encoding="UTF-8"?>
<!-- Generated by org.testng.reporters.JUnitReportReporter -->
<testsuite hostname="LAPTOP-FTOETBD1" failures="0" tests="8" name="practise.SampleTest" time="0.048" errors="0" timestamp="2022-06-06T14:20:52 IST" skipped="0">
  <testcase classname="practise.SampleTest" name="modifyContactTest" time="0.003"/>
  <testcase classname="practise.SampleTest" name="createContactTest" time="0.005"/>
  <testcase classname="practise.SampleTest" name="deleteContactTest" time="0.003"/>
  <testcase classname="practise.SampleTest" name="deleteContactTest" time="0.003"/>
  <testcase classname="practise.SampleTest" name="createContactTest" time="0.003"/>
  <testcase classname="practise.SampleTest" name="deleteContactTest" time="0.013"/>
  <testcase classname="practise.SampleTest" name="deleteContactTest" time="0.002"/>
  <testcase classname="practise.SampleTest" name="createContactTest" time="0.016"/>
</testsuite> <!-- practise.SampleTest -->
