<?xml version="1.0" encoding="UTF-8"?>
<!-- Generated by org.testng.reporters.JUnitReportReporter -->
<testsuite hostname="LAPTOP-FTOETBD1" failures="0" tests="3" name="practise.DataProviderWithDDT" time="0.071" errors="0" timestamp="2022-06-11T11:23:49 IST" skipped="0">
  <testcase classname="practise.DataProviderWithDDT" name="bookTickets" time="0.018"/>
  <system-out/>
  <testcase classname="practise.DataProviderWithDDT" name="bookTickets" time="0.015"/>
  <system-out/>
  <testcase classname="practise.DataProviderWithDDT" name="bookTickets" time="0.038"/>
  <system-out/>
</testsuite> <!-- practise.DataProviderWithDDT -->
